<?xml version="1.0" encoding="UTF-8"?>
<robot generator="Robot 3.1.2 (Python 3.8.1 on win32)" generated="20200209 20:48:17.768" rpa="false">
<suite id="s1" name="CheckOut" source="F:\python\WebAutomationUsingRobotFramework\Amazon\Tests\WebApp\GuestUser\CheckOut.robot">
<kw name="Creating dummy user" library="Common" type="setup">
<kw name="Log" library="BuiltIn">
<doc>Logs the given message with the given level.</doc>
<arguments>
<arg>Dummy user created</arg>
</arguments>
<msg timestamp="20200209 20:48:17.960" level="INFO">Dummy user created</msg>
<status status="PASS" starttime="20200209 20:48:17.960" endtime="20200209 20:48:17.961"></status>
</kw>
<status status="PASS" starttime="20200209 20:48:17.960" endtime="20200209 20:48:17.961"></status>
</kw>
<test id="s1-t1" name="Guest user should be able to search">
<kw name="Begin Web Test" library="Common" type="setup">
<kw name="Open Browser" library="SeleniumLibrary">
<doc>Opens a new browser instance to the optional ``url``.</doc>
<arguments>
<arg>about:blank</arg>
<arg>${BROWSER}</arg>
</arguments>
<msg timestamp="20200209 20:48:17.962" level="INFO">Opening browser 'firefox' to base url 'about:blank'.</msg>
<msg timestamp="20200209 20:48:17.969" level="INFO">Firefox driver log is always forced to to: F:\python\WebAutomationUsingRobotFramework\Amazon\Results\WebApp\geckodriver-1.log</msg>
<kw name="Capture Page Screenshot" library="SeleniumLibrary">
<doc>Takes a screenshot of the current page and embeds it into a log file.</doc>
<msg timestamp="20200209 20:48:17.972" level="INFO">Cannot capture screenshot because no browser is open.</msg>
<status status="PASS" starttime="20200209 20:48:17.972" endtime="20200209 20:48:17.972"></status>
</kw>
<msg timestamp="20200209 20:48:17.977" level="FAIL">WebDriverException: Message: 'geckodriver' executable needs to be in PATH. 
</msg>
<status status="FAIL" starttime="20200209 20:48:17.962" endtime="20200209 20:48:17.977"></status>
</kw>
<status status="FAIL" starttime="20200209 20:48:17.962" endtime="20200209 20:48:17.977"></status>
</kw>
<kw name="End Web Test" library="Common" type="teardown">
<kw name="Close Browser" library="SeleniumLibrary">
<doc>Closes the current browser.</doc>
<status status="PASS" starttime="20200209 20:48:17.979" endtime="20200209 20:48:17.980"></status>
</kw>
<status status="PASS" starttime="20200209 20:48:17.979" endtime="20200209 20:48:17.980"></status>
</kw>
<doc>This test is to verify Guest user should be able to search</doc>
<tags>
<tag>Smoke</tag>
</tags>
<status status="FAIL" starttime="20200209 20:48:17.961" endtime="20200209 20:48:17.980" critical="yes">Setup failed:
WebDriverException: Message: 'geckodriver' executable needs to be in PATH. 
</status>
</test>
<kw name="Deleting dummy user" library="Common" type="teardown">
<kw name="Log" library="BuiltIn">
<doc>Logs the given message with the given level.</doc>
<arguments>
<arg>Dummy user deleted</arg>
</arguments>
<msg timestamp="20200209 20:48:17.983" level="INFO">Dummy user deleted</msg>
<status status="PASS" starttime="20200209 20:48:17.982" endtime="20200209 20:48:17.983"></status>
</kw>
<status status="PASS" starttime="20200209 20:48:17.982" endtime="20200209 20:48:17.983"></status>
</kw>
<doc>These cases are for Logged in user who wants to do a checkout</doc>
<status status="FAIL" starttime="20200209 20:48:17.772" endtime="20200209 20:48:17.983"></status>
</suite>
<statistics>
<total>
<stat pass="0" fail="1">Critical Tests</stat>
<stat pass="0" fail="1">All Tests</stat>
</total>
<tag>
<stat pass="0" fail="1">Smoke</stat>
</tag>
<suite>
<stat pass="0" fail="1" id="s1" name="CheckOut">CheckOut</stat>
</suite>
</statistics>
<errors>
</errors>
</robot>
